Application Starting
warn: Microsoft.AspNetCore.DataProtection.Repositories.EphemeralXmlRepository[50]
      Using an in-memory repository. Keys will not be persisted to storage.
warn: Microsoft.AspNetCore.DataProtection.KeyManagement.XmlKeyManager[59]
      Neither user profile nor HKLM registry available. Using an ephemeral key repository. Protected data will be unavailable when application exits.
warn: Microsoft.AspNetCore.DataProtection.KeyManagement.XmlKeyManager[35]
      No XML encryptor configured. Key {cd2b0092-88d9-45a1-a0e1-dfcdae66486e} may be persisted to storage in unencrypted form.
info: Microsoft.EntityFrameworkCore.Database.Command[20101]
      Executed DbCommand (17ms) [Parameters=[], CommandType='Text', CommandTimeout='30']
      SELECT 1 FROM INFORMATION_SCHEMA.TABLES WHERE TABLE_SCHEMA='dbs12213125' AND TABLE_NAME='__EFMigrationsHistory';
info: Microsoft.EntityFrameworkCore.Database.Command[20101]
      Executed DbCommand (2ms) [Parameters=[], CommandType='Text', CommandTimeout='30']
      SELECT 1 FROM INFORMATION_SCHEMA.TABLES WHERE TABLE_SCHEMA='dbs12213125' AND TABLE_NAME='__EFMigrationsHistory';
info: Microsoft.EntityFrameworkCore.Database.Command[20101]
      Executed DbCommand (4ms) [Parameters=[], CommandType='Text', CommandTimeout='30']
      SELECT `MigrationId`, `ProductVersion`
      FROM `__EFMigrationsHistory`
      ORDER BY `MigrationId`;
info: Microsoft.EntityFrameworkCore.Migrations[20405]
      No migrations were applied. The database is already up to date.
info: Microsoft.Hosting.Lifetime[14]
      Now listening on: http://127.0.0.1:33157
info: Microsoft.Hosting.Lifetime[0]
      Application started. Press Ctrl+C to shut down.
info: Microsoft.Hosting.Lifetime[0]
      Hosting environment: Production
info: Microsoft.Hosting.Lifetime[0]
      Content root path: E:\kunden\homepages\3\d981854349\www\httpdocs
info: Microsoft.EntityFrameworkCore.Database.Command[20101]
      Executed DbCommand (83ms) [Parameters=[@__normalizedUserName_0='?' (Size = 256)], CommandType='Text', CommandTimeout='30']
      SELECT `a`.`Id`, `a`.`AccessFailedCount`, `a`.`ConcurrencyStamp`, `a`.`Email`, `a`.`EmailConfirmed`, `a`.`LockoutEnabled`, `a`.`LockoutEnd`, `a`.`NormalizedEmail`, `a`.`NormalizedUserName`, `a`.`PasswordHash`, `a`.`PhoneNumber`, `a`.`PhoneNumberConfirmed`, `a`.`RefreshToken`, `a`.`RefreshTokenExpiryTime`, `a`.`SecurityStamp`, `a`.`TwoFactorEnabled`, `a`.`UserName`
      FROM `AspNetUsers` AS `a`
      WHERE `a`.`NormalizedUserName` = @__normalizedUserName_0
      LIMIT 1
info: Microsoft.EntityFrameworkCore.Database.Command[20101]
      Executed DbCommand (9ms) [Parameters=[@__normalizedUserName_0='?' (Size = 256)], CommandType='Text', CommandTimeout='30']
      SELECT `a`.`Id`, `a`.`AccessFailedCount`, `a`.`ConcurrencyStamp`, `a`.`Email`, `a`.`EmailConfirmed`, `a`.`LockoutEnabled`, `a`.`LockoutEnd`, `a`.`NormalizedEmail`, `a`.`NormalizedUserName`, `a`.`PasswordHash`, `a`.`PhoneNumber`, `a`.`PhoneNumberConfirmed`, `a`.`RefreshToken`, `a`.`RefreshTokenExpiryTime`, `a`.`SecurityStamp`, `a`.`TwoFactorEnabled`, `a`.`UserName`
      FROM `AspNetUsers` AS `a`
      WHERE `a`.`NormalizedUserName` = @__normalizedUserName_0
      LIMIT 1
info: Microsoft.EntityFrameworkCore.Database.Command[20101]
      Executed DbCommand (12ms) [Parameters=[@__normalizedEmail_0='?' (Size = 256)], CommandType='Text', CommandTimeout='30']
      SELECT `a`.`Id`, `a`.`AccessFailedCount`, `a`.`ConcurrencyStamp`, `a`.`Email`, `a`.`EmailConfirmed`, `a`.`LockoutEnabled`, `a`.`LockoutEnd`, `a`.`NormalizedEmail`, `a`.`NormalizedUserName`, `a`.`PasswordHash`, `a`.`PhoneNumber`, `a`.`PhoneNumberConfirmed`, `a`.`RefreshToken`, `a`.`RefreshTokenExpiryTime`, `a`.`SecurityStamp`, `a`.`TwoFactorEnabled`, `a`.`UserName`
      FROM `AspNetUsers` AS `a`
      WHERE `a`.`NormalizedEmail` = @__normalizedEmail_0
      LIMIT 2
info: Microsoft.EntityFrameworkCore.Database.Command[20101]
      Executed DbCommand (16ms) [Parameters=[@p16='?' (Size = 255), @p0='?' (DbType = Int32), @p1='?' (Size = 4000), @p17='?' (Size = 4000), @p2='?' (Size = 256), @p3='?' (DbType = Boolean), @p4='?' (DbType = Boolean), @p5='?' (DbType = DateTimeOffset), @p6='?' (Size = 256), @p7='?' (Size = 256), @p8='?' (Size = 4000), @p9='?' (Size = 4000), @p10='?' (DbType = Boolean), @p11='?' (Size = 4000), @p12='?' (DbType = DateTime), @p13='?' (Size = 4000), @p14='?' (DbType = Boolean), @p15='?' (Size = 256)], CommandType='Text', CommandTimeout='30']
      SET AUTOCOMMIT = 1;
      UPDATE `AspNetUsers` SET `AccessFailedCount` = @p0, `ConcurrencyStamp` = @p1, `Email` = @p2, `EmailConfirmed` = @p3, `LockoutEnabled` = @p4, `LockoutEnd` = @p5, `NormalizedEmail` = @p6, `NormalizedUserName` = @p7, `PasswordHash` = @p8, `PhoneNumber` = @p9, `PhoneNumberConfirmed` = @p10, `RefreshToken` = @p11, `RefreshTokenExpiryTime` = @p12, `SecurityStamp` = @p13, `TwoFactorEnabled` = @p14, `UserName` = @p15
      WHERE `Id` = @p16 AND `ConcurrencyStamp` = @p17;
      SELECT ROW_COUNT();
Payment Controller Started
Handling Transactions Request
info: Microsoft.EntityFrameworkCore.Database.Command[20101]
      Executed DbCommand (1ms) [Parameters=[@__normalizedEmail_0='?' (Size = 256)], CommandType='Text', CommandTimeout='30']
      SELECT `a`.`Id`, `a`.`AccessFailedCount`, `a`.`ConcurrencyStamp`, `a`.`Email`, `a`.`EmailConfirmed`, `a`.`LockoutEnabled`, `a`.`LockoutEnd`, `a`.`NormalizedEmail`, `a`.`NormalizedUserName`, `a`.`PasswordHash`, `a`.`PhoneNumber`, `a`.`PhoneNumberConfirmed`, `a`.`RefreshToken`, `a`.`RefreshTokenExpiryTime`, `a`.`SecurityStamp`, `a`.`TwoFactorEnabled`, `a`.`UserName`
      FROM `AspNetUsers` AS `a`
      WHERE `a`.`NormalizedEmail` = @__normalizedEmail_0
      LIMIT 2
fail: Microsoft.AspNetCore.Diagnostics.ExceptionHandlerMiddleware[1]
      An unhandled exception has occurred while executing the request.
      System.Net.Http.HttpRequestException: A connection attempt failed because the connected party did not properly respond after a period of time, or established connection failed because connected host has failed to respond. (api.stripe.com:443)
       ---> System.Net.Sockets.SocketException (10060): A connection attempt failed because the connected party did not properly respond after a period of time, or established connection failed because connected host has failed to respond.
         at System.Net.Sockets.Socket.AwaitableSocketAsyncEventArgs.ThrowException(SocketError error, CancellationToken cancellationToken)
         at System.Net.Sockets.Socket.AwaitableSocketAsyncEventArgs.System.Threading.Tasks.Sources.IValueTaskSource.GetResult(Int16 token)
         at System.Net.Sockets.Socket.<ConnectAsync>g__WaitForConnectWithCancellation|281_0(AwaitableSocketAsyncEventArgs saea, ValueTask connectTask, CancellationToken cancellationToken)
         at System.Net.Http.HttpConnectionPool.ConnectToTcpHostAsync(String host, Int32 port, HttpRequestMessage initialRequest, Boolean async, CancellationToken cancellationToken)
         --- End of inner exception stack trace ---
         at Stripe.SystemNetHttpClient.SendHttpRequest(StripeRequest request, CancellationToken cancellationToken) in /_/src/Stripe.net/Infrastructure/Public/SystemNetHttpClient.cs:line 241
         at Stripe.SystemNetHttpClient.MakeRequestAsync(StripeRequest request, CancellationToken cancellationToken) in /_/src/Stripe.net/Infrastructure/Public/SystemNetHttpClient.cs:line 156
         at Stripe.StripeClient.RequestAsync[T](HttpMethod method, String path, BaseOptions options, RequestOptions requestOptions, CancellationToken cancellationToken) in /_/src/Stripe.net/Infrastructure/Public/StripeClient.cs:line 115
         at Stripe.Service`1.RequestAsync[T](HttpMethod method, String path, BaseOptions options, RequestOptions requestOptions, CancellationToken cancellationToken) in /_/src/Stripe.net/Services/_base/Service.cs:line 263
         at Stripe.Service`1.Request[T](HttpMethod method, String path, BaseOptions options, RequestOptions requestOptions) in /_/src/Stripe.net/Services/_base/Service.cs:line 240
         at Stripe.Service`1.ListEntities(ListOptions options, RequestOptions requestOptions) in /_/src/Stripe.net/Services/_base/Service.cs:line 137
         at Stripe.CustomerService.List(CustomerListOptions options, RequestOptions requestOptions) in /_/src/Stripe.net/Services/Customers/CustomerService.cs:line 71
         at Chronify.Server.Controllers.PaymentController.Transactions() in C:\Users\jerem\Programming\Writers Friend Web App\Writers Friend Web App\Server\Controllers\PaymentController.cs:line 56
         at Microsoft.AspNetCore.Mvc.Infrastructure.ActionMethodExecutor.TaskOfIActionResultExecutor.Execute(ActionContext actionContext, IActionResultTypeMapper mapper, ObjectMethodExecutor executor, Object controller, Object[] arguments)
         at Microsoft.AspNetCore.Mvc.Infrastructure.ControllerActionInvoker.<InvokeActionMethodAsync>g__Awaited|12_0(ControllerActionInvoker invoker, ValueTask`1 actionResultValueTask)
         at Microsoft.AspNetCore.Mvc.Infrastructure.ControllerActionInvoker.<InvokeNextActionFilterAsync>g__Awaited|10_0(ControllerActionInvoker invoker, Task lastTask, State next, Scope scope, Object state, Boolean isCompleted)
         at Microsoft.AspNetCore.Mvc.Infrastructure.ControllerActionInvoker.Rethrow(ActionExecutedContextSealed context)
         at Microsoft.AspNetCore.Mvc.Infrastructure.ControllerActionInvoker.Next(State& next, Scope& scope, Object& state, Boolean& isCompleted)
         at Microsoft.AspNetCore.Mvc.Infrastructure.ControllerActionInvoker.<InvokeInnerFilterAsync>g__Awaited|13_0(ControllerActionInvoker invoker, Task lastTask, State next, Scope scope, Object state, Boolean isCompleted)
         at Microsoft.AspNetCore.Mvc.Infrastructure.ResourceInvoker.<InvokeNextResourceFilter>g__Awaited|25_0(ResourceInvoker invoker, Task lastTask, State next, Scope scope, Object state, Boolean isCompleted)
         at Microsoft.AspNetCore.Mvc.Infrastructure.ResourceInvoker.Rethrow(ResourceExecutedContextSealed context)
         at Microsoft.AspNetCore.Mvc.Infrastructure.ResourceInvoker.Next(State& next, Scope& scope, Object& state, Boolean& isCompleted)
         at Microsoft.AspNetCore.Mvc.Infrastructure.ResourceInvoker.<InvokeFilterPipelineAsync>g__Awaited|20_0(ResourceInvoker invoker, Task lastTask, State next, Scope scope, Object state, Boolean isCompleted)
         at Microsoft.AspNetCore.Mvc.Infrastructure.ResourceInvoker.<InvokeAsync>g__Awaited|17_0(ResourceInvoker invoker, Task task, IDisposable scope)
         at Microsoft.AspNetCore.Mvc.Infrastructure.ResourceInvoker.<InvokeAsync>g__Awaited|17_0(ResourceInvoker invoker, Task task, IDisposable scope)
         at Microsoft.AspNetCore.Routing.EndpointMiddleware.<Invoke>g__AwaitRequestTask|6_0(Endpoint endpoint, Task requestTask, ILogger logger)
         at Microsoft.AspNetCore.Authorization.AuthorizationMiddleware.Invoke(HttpContext context)
         at Microsoft.AspNetCore.Authentication.AuthenticationMiddleware.Invoke(HttpContext context)
         at Microsoft.AspNetCore.Diagnostics.ExceptionHandlerMiddlewareImpl.<Invoke>g__Awaited|8_0(ExceptionHandlerMiddlewareImpl middleware, HttpContext context, Task task)
Payment Controller Started
Handling Transactions Request
info: Microsoft.EntityFrameworkCore.Database.Command[20101]
      Executed DbCommand (2ms) [Parameters=[@__normalizedEmail_0='?' (Size = 256)], CommandType='Text', CommandTimeout='30']
      SELECT `a`.`Id`, `a`.`AccessFailedCount`, `a`.`ConcurrencyStamp`, `a`.`Email`, `a`.`EmailConfirmed`, `a`.`LockoutEnabled`, `a`.`LockoutEnd`, `a`.`NormalizedEmail`, `a`.`NormalizedUserName`, `a`.`PasswordHash`, `a`.`PhoneNumber`, `a`.`PhoneNumberConfirmed`, `a`.`RefreshToken`, `a`.`RefreshTokenExpiryTime`, `a`.`SecurityStamp`, `a`.`TwoFactorEnabled`, `a`.`UserName`
      FROM `AspNetUsers` AS `a`
      WHERE `a`.`NormalizedEmail` = @__normalizedEmail_0
      LIMIT 2
Payment Controller Started
Handling Transactions Request
info: Microsoft.EntityFrameworkCore.Database.Command[20101]
      Executed DbCommand (4ms) [Parameters=[@__normalizedEmail_0='?' (Size = 256)], CommandType='Text', CommandTimeout='30']
      SELECT `a`.`Id`, `a`.`AccessFailedCount`, `a`.`ConcurrencyStamp`, `a`.`Email`, `a`.`EmailConfirmed`, `a`.`LockoutEnabled`, `a`.`LockoutEnd`, `a`.`NormalizedEmail`, `a`.`NormalizedUserName`, `a`.`PasswordHash`, `a`.`PhoneNumber`, `a`.`PhoneNumberConfirmed`, `a`.`RefreshToken`, `a`.`RefreshTokenExpiryTime`, `a`.`SecurityStamp`, `a`.`TwoFactorEnabled`, `a`.`UserName`
      FROM `AspNetUsers` AS `a`
      WHERE `a`.`NormalizedEmail` = @__normalizedEmail_0
      LIMIT 2
info: Microsoft.EntityFrameworkCore.Database.Command[20101]
      Executed DbCommand (3ms) [Parameters=[@__normalizedUserName_0='?' (Size = 256)], CommandType='Text', CommandTimeout='30']
      SELECT `a`.`Id`, `a`.`AccessFailedCount`, `a`.`ConcurrencyStamp`, `a`.`Email`, `a`.`EmailConfirmed`, `a`.`LockoutEnabled`, `a`.`LockoutEnd`, `a`.`NormalizedEmail`, `a`.`NormalizedUserName`, `a`.`PasswordHash`, `a`.`PhoneNumber`, `a`.`PhoneNumberConfirmed`, `a`.`RefreshToken`, `a`.`RefreshTokenExpiryTime`, `a`.`SecurityStamp`, `a`.`TwoFactorEnabled`, `a`.`UserName`
      FROM `AspNetUsers` AS `a`
      WHERE `a`.`NormalizedUserName` = @__normalizedUserName_0
      LIMIT 1
info: Microsoft.EntityFrameworkCore.Database.Command[20101]
      Executed DbCommand (9ms) [Parameters=[@__normalizedUserName_0='?' (Size = 256)], CommandType='Text', CommandTimeout='30']
      SELECT `a`.`Id`, `a`.`AccessFailedCount`, `a`.`ConcurrencyStamp`, `a`.`Email`, `a`.`EmailConfirmed`, `a`.`LockoutEnabled`, `a`.`LockoutEnd`, `a`.`NormalizedEmail`, `a`.`NormalizedUserName`, `a`.`PasswordHash`, `a`.`PhoneNumber`, `a`.`PhoneNumberConfirmed`, `a`.`RefreshToken`, `a`.`RefreshTokenExpiryTime`, `a`.`SecurityStamp`, `a`.`TwoFactorEnabled`, `a`.`UserName`
      FROM `AspNetUsers` AS `a`
      WHERE `a`.`NormalizedUserName` = @__normalizedUserName_0
      LIMIT 1
info: Microsoft.EntityFrameworkCore.Database.Command[20101]
      Executed DbCommand (6ms) [Parameters=[@__normalizedEmail_0='?' (Size = 256)], CommandType='Text', CommandTimeout='30']
      SELECT `a`.`Id`, `a`.`AccessFailedCount`, `a`.`ConcurrencyStamp`, `a`.`Email`, `a`.`EmailConfirmed`, `a`.`LockoutEnabled`, `a`.`LockoutEnd`, `a`.`NormalizedEmail`, `a`.`NormalizedUserName`, `a`.`PasswordHash`, `a`.`PhoneNumber`, `a`.`PhoneNumberConfirmed`, `a`.`RefreshToken`, `a`.`RefreshTokenExpiryTime`, `a`.`SecurityStamp`, `a`.`TwoFactorEnabled`, `a`.`UserName`
      FROM `AspNetUsers` AS `a`
      WHERE `a`.`NormalizedEmail` = @__normalizedEmail_0
      LIMIT 2
info: Microsoft.EntityFrameworkCore.Database.Command[20101]
      Executed DbCommand (6ms) [Parameters=[@p16='?' (Size = 255), @p0='?' (DbType = Int32), @p1='?' (Size = 4000), @p17='?' (Size = 4000), @p2='?' (Size = 256), @p3='?' (DbType = Boolean), @p4='?' (DbType = Boolean), @p5='?' (DbType = DateTimeOffset), @p6='?' (Size = 256), @p7='?' (Size = 256), @p8='?' (Size = 4000), @p9='?' (Size = 4000), @p10='?' (DbType = Boolean), @p11='?' (Size = 4000), @p12='?' (DbType = DateTime), @p13='?' (Size = 4000), @p14='?' (DbType = Boolean), @p15='?' (Size = 256)], CommandType='Text', CommandTimeout='30']
      SET AUTOCOMMIT = 1;
      UPDATE `AspNetUsers` SET `AccessFailedCount` = @p0, `ConcurrencyStamp` = @p1, `Email` = @p2, `EmailConfirmed` = @p3, `LockoutEnabled` = @p4, `LockoutEnd` = @p5, `NormalizedEmail` = @p6, `NormalizedUserName` = @p7, `PasswordHash` = @p8, `PhoneNumber` = @p9, `PhoneNumberConfirmed` = @p10, `RefreshToken` = @p11, `RefreshTokenExpiryTime` = @p12, `SecurityStamp` = @p13, `TwoFactorEnabled` = @p14, `UserName` = @p15
      WHERE `Id` = @p16 AND `ConcurrencyStamp` = @p17;
      SELECT ROW_COUNT();
info: Microsoft.EntityFrameworkCore.Database.Command[20101]
      Executed DbCommand (1ms) [Parameters=[@__normalizedEmail_0='?' (Size = 256)], CommandType='Text', CommandTimeout='30']
      SELECT `a`.`Id`, `a`.`AccessFailedCount`, `a`.`ConcurrencyStamp`, `a`.`Email`, `a`.`EmailConfirmed`, `a`.`LockoutEnabled`, `a`.`LockoutEnd`, `a`.`NormalizedEmail`, `a`.`NormalizedUserName`, `a`.`PasswordHash`, `a`.`PhoneNumber`, `a`.`PhoneNumberConfirmed`, `a`.`RefreshToken`, `a`.`RefreshTokenExpiryTime`, `a`.`SecurityStamp`, `a`.`TwoFactorEnabled`, `a`.`UserName`
      FROM `AspNetUsers` AS `a`
      WHERE `a`.`NormalizedEmail` = @__normalizedEmail_0
      LIMIT 2
File name: 26f05b71-1784-4c45-8033-5cbece56fb99.Apocalypse.jwb
World ID: 26f05b71-1784-4c45-8033-5cbece56fb99, World Name: Apocalypse
info: Microsoft.EntityFrameworkCore.Database.Command[20101]
      Executed DbCommand (1ms) [Parameters=[@__normalizedEmail_0='?' (Size = 256)], CommandType='Text', CommandTimeout='30']
      SELECT `a`.`Id`, `a`.`AccessFailedCount`, `a`.`ConcurrencyStamp`, `a`.`Email`, `a`.`EmailConfirmed`, `a`.`LockoutEnabled`, `a`.`LockoutEnd`, `a`.`NormalizedEmail`, `a`.`NormalizedUserName`, `a`.`PasswordHash`, `a`.`PhoneNumber`, `a`.`PhoneNumberConfirmed`, `a`.`RefreshToken`, `a`.`RefreshTokenExpiryTime`, `a`.`SecurityStamp`, `a`.`TwoFactorEnabled`, `a`.`UserName`
      FROM `AspNetUsers` AS `a`
      WHERE `a`.`NormalizedEmail` = @__normalizedEmail_0
      LIMIT 2
File name: 26f05b71-1784-4c45-8033-5cbece56fb99.Apocalypse.jwb
World ID: 26f05b71-1784-4c45-8033-5cbece56fb99, World Name: Apocalypse
Payment Controller Started
Handling Transactions Request
info: Microsoft.EntityFrameworkCore.Database.Command[20101]
      Executed DbCommand (2ms) [Parameters=[@__normalizedEmail_0='?' (Size = 256)], CommandType='Text', CommandTimeout='30']
      SELECT `a`.`Id`, `a`.`AccessFailedCount`, `a`.`ConcurrencyStamp`, `a`.`Email`, `a`.`EmailConfirmed`, `a`.`LockoutEnabled`, `a`.`LockoutEnd`, `a`.`NormalizedEmail`, `a`.`NormalizedUserName`, `a`.`PasswordHash`, `a`.`PhoneNumber`, `a`.`PhoneNumberConfirmed`, `a`.`RefreshToken`, `a`.`RefreshTokenExpiryTime`, `a`.`SecurityStamp`, `a`.`TwoFactorEnabled`, `a`.`UserName`
      FROM `AspNetUsers` AS `a`
      WHERE `a`.`NormalizedEmail` = @__normalizedEmail_0
      LIMIT 2
Payment Controller Started
Handling Transactions Request
info: Microsoft.EntityFrameworkCore.Database.Command[20101]
      Executed DbCommand (3ms) [Parameters=[@__normalizedEmail_0='?' (Size = 256)], CommandType='Text', CommandTimeout='30']
      SELECT `a`.`Id`, `a`.`AccessFailedCount`, `a`.`ConcurrencyStamp`, `a`.`Email`, `a`.`EmailConfirmed`, `a`.`LockoutEnabled`, `a`.`LockoutEnd`, `a`.`NormalizedEmail`, `a`.`NormalizedUserName`, `a`.`PasswordHash`, `a`.`PhoneNumber`, `a`.`PhoneNumberConfirmed`, `a`.`RefreshToken`, `a`.`RefreshTokenExpiryTime`, `a`.`SecurityStamp`, `a`.`TwoFactorEnabled`, `a`.`UserName`
      FROM `AspNetUsers` AS `a`
      WHERE `a`.`NormalizedEmail` = @__normalizedEmail_0
      LIMIT 2
warn: Microsoft.AspNetCore.HttpsPolicy.HttpsRedirectionMiddleware[3]
      Failed to determine the https port for redirect.
info: Microsoft.EntityFrameworkCore.Database.Command[20101]
      Executed DbCommand (1ms) [Parameters=[@__normalizedUserName_0='?' (Size = 256)], CommandType='Text', CommandTimeout='30']
      SELECT `a`.`Id`, `a`.`AccessFailedCount`, `a`.`ConcurrencyStamp`, `a`.`Email`, `a`.`EmailConfirmed`, `a`.`LockoutEnabled`, `a`.`LockoutEnd`, `a`.`NormalizedEmail`, `a`.`NormalizedUserName`, `a`.`PasswordHash`, `a`.`PhoneNumber`, `a`.`PhoneNumberConfirmed`, `a`.`RefreshToken`, `a`.`RefreshTokenExpiryTime`, `a`.`SecurityStamp`, `a`.`TwoFactorEnabled`, `a`.`UserName`
      FROM `AspNetUsers` AS `a`
      WHERE `a`.`NormalizedUserName` = @__normalizedUserName_0
      LIMIT 1
info: Microsoft.EntityFrameworkCore.Database.Command[20101]
      Executed DbCommand (1ms) [Parameters=[@__normalizedUserName_0='?' (Size = 256)], CommandType='Text', CommandTimeout='30']
      SELECT `a`.`Id`, `a`.`AccessFailedCount`, `a`.`ConcurrencyStamp`, `a`.`Email`, `a`.`EmailConfirmed`, `a`.`LockoutEnabled`, `a`.`LockoutEnd`, `a`.`NormalizedEmail`, `a`.`NormalizedUserName`, `a`.`PasswordHash`, `a`.`PhoneNumber`, `a`.`PhoneNumberConfirmed`, `a`.`RefreshToken`, `a`.`RefreshTokenExpiryTime`, `a`.`SecurityStamp`, `a`.`TwoFactorEnabled`, `a`.`UserName`
      FROM `AspNetUsers` AS `a`
      WHERE `a`.`NormalizedUserName` = @__normalizedUserName_0
      LIMIT 1
info: Microsoft.EntityFrameworkCore.Database.Command[20101]
      Executed DbCommand (2ms) [Parameters=[@__normalizedEmail_0='?' (Size = 256)], CommandType='Text', CommandTimeout='30']
      SELECT `a`.`Id`, `a`.`AccessFailedCount`, `a`.`ConcurrencyStamp`, `a`.`Email`, `a`.`EmailConfirmed`, `a`.`LockoutEnabled`, `a`.`LockoutEnd`, `a`.`NormalizedEmail`, `a`.`NormalizedUserName`, `a`.`PasswordHash`, `a`.`PhoneNumber`, `a`.`PhoneNumberConfirmed`, `a`.`RefreshToken`, `a`.`RefreshTokenExpiryTime`, `a`.`SecurityStamp`, `a`.`TwoFactorEnabled`, `a`.`UserName`
      FROM `AspNetUsers` AS `a`
      WHERE `a`.`NormalizedEmail` = @__normalizedEmail_0
      LIMIT 2
info: Microsoft.EntityFrameworkCore.Database.Command[20101]
      Executed DbCommand (18ms) [Parameters=[@p16='?' (Size = 255), @p0='?' (DbType = Int32), @p1='?' (Size = 4000), @p17='?' (Size = 4000), @p2='?' (Size = 256), @p3='?' (DbType = Boolean), @p4='?' (DbType = Boolean), @p5='?' (DbType = DateTimeOffset), @p6='?' (Size = 256), @p7='?' (Size = 256), @p8='?' (Size = 4000), @p9='?' (Size = 4000), @p10='?' (DbType = Boolean), @p11='?' (Size = 4000), @p12='?' (DbType = DateTime), @p13='?' (Size = 4000), @p14='?' (DbType = Boolean), @p15='?' (Size = 256)], CommandType='Text', CommandTimeout='30']
      SET AUTOCOMMIT = 1;
      UPDATE `AspNetUsers` SET `AccessFailedCount` = @p0, `ConcurrencyStamp` = @p1, `Email` = @p2, `EmailConfirmed` = @p3, `LockoutEnabled` = @p4, `LockoutEnd` = @p5, `NormalizedEmail` = @p6, `NormalizedUserName` = @p7, `PasswordHash` = @p8, `PhoneNumber` = @p9, `PhoneNumberConfirmed` = @p10, `RefreshToken` = @p11, `RefreshTokenExpiryTime` = @p12, `SecurityStamp` = @p13, `TwoFactorEnabled` = @p14, `UserName` = @p15
      WHERE `Id` = @p16 AND `ConcurrencyStamp` = @p17;
      SELECT ROW_COUNT();
info: Microsoft.EntityFrameworkCore.Database.Command[20101]
      Executed DbCommand (2ms) [Parameters=[@__user_Id_0='?' (Size = 255)], CommandType='Text', CommandTimeout='30']
      SELECT `a`.`Id`, `a`.`ClaimType`, `a`.`ClaimValue`, `a`.`UserId`
      FROM `AspNetUserClaims` AS `a`
      WHERE `a`.`UserId` = @__user_Id_0
info: Microsoft.EntityFrameworkCore.Database.Command[20101]
      Executed DbCommand (3ms) [Parameters=[@__userId_0='?' (Size = 255)], CommandType='Text', CommandTimeout='30']
      SELECT `a0`.`Name`
      FROM `AspNetUserRoles` AS `a`
      INNER JOIN `AspNetRoles` AS `a0` ON `a`.`RoleId` = `a0`.`Id`
      WHERE `a`.`UserId` = @__userId_0
File name: 26f05b71-1784-4c45-8033-5cbece56fb99.Apocalypse.jwb
World ID: 26f05b71-1784-4c45-8033-5cbece56fb99, World Name: Apocalypse
info: Microsoft.EntityFrameworkCore.Database.Command[20101]
      Executed DbCommand (1ms) [Parameters=[@__normalizedEmail_0='?' (Size = 256)], CommandType='Text', CommandTimeout='30']
      SELECT `a`.`Id`, `a`.`AccessFailedCount`, `a`.`ConcurrencyStamp`, `a`.`Email`, `a`.`EmailConfirmed`, `a`.`LockoutEnabled`, `a`.`LockoutEnd`, `a`.`NormalizedEmail`, `a`.`NormalizedUserName`, `a`.`PasswordHash`, `a`.`PhoneNumber`, `a`.`PhoneNumberConfirmed`, `a`.`RefreshToken`, `a`.`RefreshTokenExpiryTime`, `a`.`SecurityStamp`, `a`.`TwoFactorEnabled`, `a`.`UserName`
      FROM `AspNetUsers` AS `a`
      WHERE `a`.`NormalizedEmail` = @__normalizedEmail_0
      LIMIT 2
info: Microsoft.EntityFrameworkCore.Database.Command[20101]
      Executed DbCommand (1ms) [Parameters=[@__normalizedEmail_0='?' (Size = 256)], CommandType='Text', CommandTimeout='30']
      SELECT `a`.`Id`, `a`.`AccessFailedCount`, `a`.`ConcurrencyStamp`, `a`.`Email`, `a`.`EmailConfirmed`, `a`.`LockoutEnabled`, `a`.`LockoutEnd`, `a`.`NormalizedEmail`, `a`.`NormalizedUserName`, `a`.`PasswordHash`, `a`.`PhoneNumber`, `a`.`PhoneNumberConfirmed`, `a`.`RefreshToken`, `a`.`RefreshTokenExpiryTime`, `a`.`SecurityStamp`, `a`.`TwoFactorEnabled`, `a`.`UserName`
      FROM `AspNetUsers` AS `a`
      WHERE `a`.`NormalizedEmail` = @__normalizedEmail_0
      LIMIT 2
File name: 26f05b71-1784-4c45-8033-5cbece56fb99.Apocalypse.jwb
World ID: 26f05b71-1784-4c45-8033-5cbece56fb99, World Name: Apocalypse
Payment Controller Started
Handling Transactions Request
info: Microsoft.EntityFrameworkCore.Database.Command[20101]
      Executed DbCommand (6ms) [Parameters=[@__normalizedEmail_0='?' (Size = 256)], CommandType='Text', CommandTimeout='30']
      SELECT `a`.`Id`, `a`.`AccessFailedCount`, `a`.`ConcurrencyStamp`, `a`.`Email`, `a`.`EmailConfirmed`, `a`.`LockoutEnabled`, `a`.`LockoutEnd`, `a`.`NormalizedEmail`, `a`.`NormalizedUserName`, `a`.`PasswordHash`, `a`.`PhoneNumber`, `a`.`PhoneNumberConfirmed`, `a`.`RefreshToken`, `a`.`RefreshTokenExpiryTime`, `a`.`SecurityStamp`, `a`.`TwoFactorEnabled`, `a`.`UserName`
      FROM `AspNetUsers` AS `a`
      WHERE `a`.`NormalizedEmail` = @__normalizedEmail_0
      LIMIT 2
